app/build/intermediates/manifest_merge_blame_file/debug/manifest-merger-blame-debug-report.txt
1<?xml version="1.0" encoding="utf-8"?>
2<manifest xmlns:android="http://schemas.android.com/apk/res/android"
3    package="com.example.fooding"
4    android:versionCode="1"
5    android:versionName="1.0" >
6
7    <uses-sdk
8        android:minSdkVersion="21"
8-->src\main\AndroidManifest.xml
9        android:targetSdkVersion="29" />
9-->src\main\AndroidManifest.xml
10
11    <uses-permission android:name="android.permission.INTERNET" />
11-->src\main\AndroidManifest.xml:5:5-67
11-->src\main\AndroidManifest.xml:5:22-64
12    <uses-permission android:name="android.permission.ACCESS_FINE_LOCATION" />
12-->src\main\AndroidManifest.xml:6:5-79
12-->src\main\AndroidManifest.xml:6:22-76
13    <uses-permission android:name="android.permission.ACCESS_COARSE_LOCATION" />
13-->src\main\AndroidManifest.xml:7:5-81
13-->src\main\AndroidManifest.xml:7:22-78
14
15    <!-- Include required permissions for Google Maps API to run. -->
16    <uses-permission android:name="android.permission.ACCESS_NETWORK_STATE" />
16-->[com.google.android.gms:play-services-maps:17.0.0] AndroidManifest.xml:23:5-79
16-->[com.google.android.gms:play-services-maps:17.0.0] AndroidManifest.xml:23:22-76
17
18    <uses-feature
18-->[com.google.android.gms:play-services-maps:17.0.0] AndroidManifest.xml:26:5-28:35
19        android:glEsVersion="0x00020000"
19-->[com.google.android.gms:play-services-maps:17.0.0] AndroidManifest.xml:27:9-41
20        android:required="true" />
20-->[com.google.android.gms:play-services-maps:17.0.0] AndroidManifest.xml:28:9-32
21
22    <uses-permission android:name="android.permission.WAKE_LOCK" /> <!-- Required by older versions of Google Play services to create IID tokens -->
22-->[com.google.android.gms:play-services-measurement-api:17.2.0] AndroidManifest.xml:24:5-68
22-->[com.google.android.gms:play-services-measurement-api:17.2.0] AndroidManifest.xml:24:22-65
23    <uses-permission android:name="com.google.android.c2dm.permission.RECEIVE" />
23-->[com.google.firebase:firebase-iid:19.0.0] AndroidManifest.xml:26:5-82
23-->[com.google.firebase:firebase-iid:19.0.0] AndroidManifest.xml:26:22-79
24    <uses-permission android:name="com.google.android.finsky.permission.BIND_GET_INSTALL_REFERRER_SERVICE" />
24-->[com.google.android.gms:play-services-measurement:17.2.0] AndroidManifest.xml:26:5-110
24-->[com.google.android.gms:play-services-measurement:17.2.0] AndroidManifest.xml:26:22-107
25
26    <application
26-->src\main\AndroidManifest.xml:9:5-25:19
27        android:allowBackup="true"
27-->src\main\AndroidManifest.xml:10:9-35
28        android:appComponentFactory="androidx.core.app.CoreComponentFactory"
28-->[androidx.core:core:1.0.1] AndroidManifest.xml:22:18-86
29        android:debuggable="true"
30        android:icon="@mipmap/ic_launcher"
30-->src\main\AndroidManifest.xml:11:9-43
31        android:label="@string/app_name"
31-->src\main\AndroidManifest.xml:12:9-41
32        android:roundIcon="@mipmap/ic_launcher_round"
32-->src\main\AndroidManifest.xml:13:9-54
33        android:supportsRtl="true"
33-->src\main\AndroidManifest.xml:14:9-35
34        android:theme="@style/Theme.AppCompat.NoActionBar" >
34-->src\main\AndroidManifest.xml:15:9-59
35        <activity android:name="com.example.fooding.YoutuberActivity" />
35-->src\main\AndroidManifest.xml:16:9-63
35-->src\main\AndroidManifest.xml:16:19-51
36        <activity android:name="com.example.fooding.SearchActivity" />
36-->src\main\AndroidManifest.xml:17:9-52
36-->src\main\AndroidManifest.xml:17:19-49
37        <activity android:name="com.example.fooding.MainActivity" >
37-->src\main\AndroidManifest.xml:18:9-24:20
37-->src\main\AndroidManifest.xml:18:19-47
38            <intent-filter>
38-->src\main\AndroidManifest.xml:19:13-23:29
39                <action android:name="android.intent.action.MAIN" />
39-->src\main\AndroidManifest.xml:20:17-69
39-->src\main\AndroidManifest.xml:20:25-66
40
41                <category android:name="android.intent.category.LAUNCHER" />
41-->src\main\AndroidManifest.xml:22:17-77
41-->src\main\AndroidManifest.xml:22:27-74
42            </intent-filter>
43        </activity>
44        <!-- Needs to be explicitly declared on P+ -->
45        <uses-library
45-->[com.google.android.gms:play-services-maps:17.0.0] AndroidManifest.xml:33:9-35:40
46            android:name="org.apache.http.legacy"
46-->[com.google.android.gms:play-services-maps:17.0.0] AndroidManifest.xml:34:13-50
47            android:required="false" />
47-->[com.google.android.gms:play-services-maps:17.0.0] AndroidManifest.xml:35:13-37
48
49        <service
49-->[com.google.firebase:firebase-firestore:20.2.0] AndroidManifest.xml:17:9-23:19
50            android:name="com.google.firebase.components.ComponentDiscoveryService"
50-->[com.google.firebase:firebase-firestore:20.2.0] AndroidManifest.xml:18:13-84
51            android:exported="false" >
51-->[com.google.firebase:firebase-firestore:20.2.0] AndroidManifest.xml:19:13-37
52            <meta-data
52-->[com.google.firebase:firebase-firestore:20.2.0] AndroidManifest.xml:20:13-22:85
53                android:name="com.google.firebase.components:com.google.firebase.firestore.FirestoreRegistrar"
53-->[com.google.firebase:firebase-firestore:20.2.0] AndroidManifest.xml:21:17-111
54                android:value="com.google.firebase.components.ComponentRegistrar" />
54-->[com.google.firebase:firebase-firestore:20.2.0] AndroidManifest.xml:22:17-82
55            <meta-data
55-->[com.google.android.gms:play-services-measurement-api:17.2.0] AndroidManifest.xml:30:13-32:85
56                android:name="com.google.firebase.components:com.google.firebase.analytics.connector.internal.AnalyticsConnectorRegistrar"
56-->[com.google.android.gms:play-services-measurement-api:17.2.0] AndroidManifest.xml:31:17-139
57                android:value="com.google.firebase.components.ComponentRegistrar" />
57-->[com.google.android.gms:play-services-measurement-api:17.2.0] AndroidManifest.xml:32:17-82
58            <meta-data
58-->[com.google.firebase:firebase-iid:19.0.0] AndroidManifest.xml:32:13-34:85
59                android:name="com.google.firebase.components:com.google.firebase.iid.Registrar"
59-->[com.google.firebase:firebase-iid:19.0.0] AndroidManifest.xml:33:17-96
60                android:value="com.google.firebase.components.ComponentRegistrar" />
60-->[com.google.firebase:firebase-iid:19.0.0] AndroidManifest.xml:34:17-82
61        </service>
62
63        <receiver
63-->[com.google.firebase:firebase-iid:19.0.0] AndroidManifest.xml:37:9-44:20
64            android:name="com.google.firebase.iid.FirebaseInstanceIdReceiver"
64-->[com.google.firebase:firebase-iid:19.0.0] AndroidManifest.xml:38:13-78
65            android:exported="true"
65-->[com.google.firebase:firebase-iid:19.0.0] AndroidManifest.xml:39:13-36
66            android:permission="com.google.android.c2dm.permission.SEND" >
66-->[com.google.firebase:firebase-iid:19.0.0] AndroidManifest.xml:40:13-73
67            <intent-filter>
67-->[com.google.firebase:firebase-iid:19.0.0] AndroidManifest.xml:41:13-43:29
68                <action android:name="com.google.android.c2dm.intent.RECEIVE" />
68-->[com.google.firebase:firebase-iid:19.0.0] AndroidManifest.xml:42:17-81
68-->[com.google.firebase:firebase-iid:19.0.0] AndroidManifest.xml:42:25-78
69            </intent-filter>
70        </receiver>
71
72        <activity
72-->[com.google.android.gms:play-services-base:17.0.0] AndroidManifest.xml:23:9-26:75
73            android:name="com.google.android.gms.common.api.GoogleApiActivity"
73-->[com.google.android.gms:play-services-base:17.0.0] AndroidManifest.xml:24:13-79
74            android:exported="false"
74-->[com.google.android.gms:play-services-base:17.0.0] AndroidManifest.xml:25:13-37
75            android:theme="@android:style/Theme.Translucent.NoTitleBar" />
75-->[com.google.android.gms:play-services-base:17.0.0] AndroidManifest.xml:26:13-72
76
77        <receiver
77-->[com.google.android.gms:play-services-measurement:17.2.0] AndroidManifest.xml:29:9-33:20
78            android:name="com.google.android.gms.measurement.AppMeasurementReceiver"
78-->[com.google.android.gms:play-services-measurement:17.2.0] AndroidManifest.xml:30:13-85
79            android:enabled="true"
79-->[com.google.android.gms:play-services-measurement:17.2.0] AndroidManifest.xml:31:13-35
80            android:exported="false" >
80-->[com.google.android.gms:play-services-measurement:17.2.0] AndroidManifest.xml:32:13-37
81        </receiver>
82        <receiver
82-->[com.google.android.gms:play-services-measurement:17.2.0] AndroidManifest.xml:34:9-42:20
83            android:name="com.google.android.gms.measurement.AppMeasurementInstallReferrerReceiver"
83-->[com.google.android.gms:play-services-measurement:17.2.0] AndroidManifest.xml:35:13-100
84            android:enabled="true"
84-->[com.google.android.gms:play-services-measurement:17.2.0] AndroidManifest.xml:36:13-35
85            android:exported="true"
85-->[com.google.android.gms:play-services-measurement:17.2.0] AndroidManifest.xml:37:13-36
86            android:permission="android.permission.INSTALL_PACKAGES" >
86-->[com.google.android.gms:play-services-measurement:17.2.0] AndroidManifest.xml:38:13-69
87            <intent-filter>
87-->[com.google.android.gms:play-services-measurement:17.2.0] AndroidManifest.xml:39:13-41:29
88                <action android:name="com.android.vending.INSTALL_REFERRER" />
88-->[com.google.android.gms:play-services-measurement:17.2.0] AndroidManifest.xml:40:17-79
88-->[com.google.android.gms:play-services-measurement:17.2.0] AndroidManifest.xml:40:25-76
89            </intent-filter>
90        </receiver>
91
92        <service
92-->[com.google.android.gms:play-services-measurement:17.2.0] AndroidManifest.xml:44:9-47:40
93            android:name="com.google.android.gms.measurement.AppMeasurementService"
93-->[com.google.android.gms:play-services-measurement:17.2.0] AndroidManifest.xml:45:13-84
94            android:enabled="true"
94-->[com.google.android.gms:play-services-measurement:17.2.0] AndroidManifest.xml:46:13-35
95            android:exported="false" />
95-->[com.google.android.gms:play-services-measurement:17.2.0] AndroidManifest.xml:47:13-37
96        <service
96-->[com.google.android.gms:play-services-measurement:17.2.0] AndroidManifest.xml:48:9-52:72
97            android:name="com.google.android.gms.measurement.AppMeasurementJobService"
97-->[com.google.android.gms:play-services-measurement:17.2.0] AndroidManifest.xml:49:13-87
98            android:enabled="true"
98-->[com.google.android.gms:play-services-measurement:17.2.0] AndroidManifest.xml:50:13-35
99            android:exported="false"
99-->[com.google.android.gms:play-services-measurement:17.2.0] AndroidManifest.xml:51:13-37
100            android:permission="android.permission.BIND_JOB_SERVICE" />
100-->[com.google.android.gms:play-services-measurement:17.2.0] AndroidManifest.xml:52:13-69
101
102        <provider
102-->[com.google.firebase:firebase-common:19.0.0] AndroidManifest.xml:12:9-16:39
103            android:name="com.google.firebase.provider.FirebaseInitProvider"
103-->[com.google.firebase:firebase-common:19.0.0] AndroidManifest.xml:13:13-77
104            android:authorities="com.example.fooding.firebaseinitprovider"
104-->[com.google.firebase:firebase-common:19.0.0] AndroidManifest.xml:14:13-72
105            android:exported="false"
105-->[com.google.firebase:firebase-common:19.0.0] AndroidManifest.xml:15:13-37
106            android:initOrder="100" />
106-->[com.google.firebase:firebase-common:19.0.0] AndroidManifest.xml:16:13-36
107
108        <meta-data
108-->[com.google.android.gms:play-services-basement:17.0.0] AndroidManifest.xml:23:9-25:69
109            android:name="com.google.android.gms.version"
109-->[com.google.android.gms:play-services-basement:17.0.0] AndroidManifest.xml:24:13-58
110            android:value="@integer/google_play_services_version" />
110-->[com.google.android.gms:play-services-basement:17.0.0] AndroidManifest.xml:25:13-66
111    </application>
112
113</manifest>